{"C:\\Users\\Patry\\OneDrive\\Área de Trabalho\\devvo-backend\\prisma\\prisma-client.ts": {"path":"C:\\Users\\Patry\\OneDrive\\Área de Trabalho\\devvo-backend\\prisma\\prisma-client.ts","statementMap":{"0":{"start":{"line":1,"column":0},"end":{"line":1,"column":46}},"1":{"start":{"line":3,"column":13},"end":{"line":3,"column":41}}},"fnMap":{},"branchMap":{},"s":{"0":3,"1":3},"f":{},"b":{}}
,"C:\\Users\\Patry\\OneDrive\\Área de Trabalho\\devvo-backend\\src\\@types\\index.ts": {"path":"C:\\Users\\Patry\\OneDrive\\Área de Trabalho\\devvo-backend\\src\\@types\\index.ts","statementMap":{"0":{"start":{"line":3,"column":13},"end":{"line":8,"column":11}},"1":{"start":{"line":10,"column":0},"end":{"line":10,"column":null}},"2":{"start":{"line":11,"column":2},"end":{"line":11,"column":null}},"3":{"start":{"line":12,"column":2},"end":{"line":12,"column":null}},"4":{"start":{"line":13,"column":2},"end":{"line":13,"column":null}},"5":{"start":{"line":14,"column":2},"end":{"line":14,"column":null}},"6":{"start":{"line":15,"column":2},"end":{"line":15,"column":null}},"7":{"start":{"line":16,"column":2},"end":{"line":16,"column":null}},"8":{"start":{"line":17,"column":2},"end":{"line":17,"column":null}},"9":{"start":{"line":18,"column":2},"end":{"line":18,"column":null}},"10":{"start":{"line":19,"column":2},"end":{"line":19,"column":null}},"11":{"start":{"line":20,"column":2},"end":{"line":20,"column":null}}},"fnMap":{"0":{"name":"(anonymous_0)","decl":{"start":{"line":10,"column":0},"end":{"line":10,"column":12}},"loc":{"start":{"line":10,"column":26},"end":{"line":21,"column":1}}}},"branchMap":{"0":{"loc":{"start":{"line":10,"column":12},"end":{"line":10,"column":null}},"type":"binary-expr","locations":[{"start":{"line":10,"column":12},"end":{"line":10,"column":26}},{"start":{"line":10,"column":26},"end":{"line":10,"column":null}}]}},"s":{"0":1,"1":1,"2":1,"3":1,"4":1,"5":1,"6":1,"7":1,"8":1,"9":1,"10":1,"11":1},"f":{"0":1},"b":{"0":[1,1]}}
,"C:\\Users\\Patry\\OneDrive\\Área de Trabalho\\devvo-backend\\src\\lib\\jwt.ts": {"path":"C:\\Users\\Patry\\OneDrive\\Área de Trabalho\\devvo-backend\\src\\lib\\jwt.ts","statementMap":{"0":{"start":{"line":1,"column":0},"end":{"line":1,"column":32}},"1":{"start":{"line":2,"column":0},"end":{"line":2,"column":32}},"2":{"start":{"line":3,"column":0},"end":{"line":3,"column":31}},"3":{"start":{"line":6,"column":19},"end":{"line":6,"column":65}},"4":{"start":{"line":7,"column":19},"end":{"line":7,"column":57}},"5":{"start":{"line":9,"column":18},"end":{"line":11,"column":6}},"6":{"start":{"line":13,"column":4},"end":{"line":13,"column":17}},"7":{"start":{"line":17,"column":20},"end":{"line":17,"column":72}},"8":{"start":{"line":18,"column":4},"end":{"line":18,"column":39}},"9":{"start":{"line":22,"column":17},"end":{"line":22,"column":66}},"10":{"start":{"line":23,"column":4},"end":{"line":23,"column":16}},"11":{"start":{"line":27,"column":18},"end":{"line":27,"column":52}},"12":{"start":{"line":28,"column":25},"end":{"line":28,"column":49}},"13":{"start":{"line":30,"column":4},"end":{"line":30,"column":24}},"14":{"start":{"line":5,"column":0},"end":{"line":5,"column":13}}},"fnMap":{"0":{"name":"(anonymous_1)","decl":{"start":{"line":5,"column":0},"end":{"line":5,"column":13}},"loc":{"start":{"line":5,"column":0},"end":{"line":32,"column":1}}},"1":{"name":"(anonymous_2)","decl":{"start":{"line":8,"column":2},"end":{"line":8,"column":15}},"loc":{"start":{"line":8,"column":26},"end":{"line":14,"column":3}}},"2":{"name":"(anonymous_3)","decl":{"start":{"line":16,"column":2},"end":{"line":16,"column":13}},"loc":{"start":{"line":16,"column":27},"end":{"line":19,"column":3}}},"3":{"name":"(anonymous_4)","decl":{"start":{"line":21,"column":2},"end":{"line":21,"column":14}},"loc":{"start":{"line":21,"column":31},"end":{"line":24,"column":3}}},"4":{"name":"(anonymous_5)","decl":{"start":{"line":26,"column":2},"end":{"line":26,"column":13}},"loc":{"start":{"line":26,"column":26},"end":{"line":31,"column":3}}}},"branchMap":{"0":{"loc":{"start":{"line":18,"column":11},"end":{"line":18,"column":38}},"type":"cond-expr","locations":[{"start":{"line":18,"column":21},"end":{"line":18,"column":31}},{"start":{"line":18,"column":34},"end":{"line":18,"column":38}}]}},"s":{"0":2,"1":2,"2":2,"3":3,"4":3,"5":1,"6":1,"7":0,"8":0,"9":2,"10":2,"11":0,"12":0,"13":0,"14":2},"f":{"0":3,"1":1,"2":0,"3":2,"4":0},"b":{"0":[0,0]}}
,"C:\\Users\\Patry\\OneDrive\\Área de Trabalho\\devvo-backend\\src\\lib\\validateMaxForger.ts": {"path":"C:\\Users\\Patry\\OneDrive\\Área de Trabalho\\devvo-backend\\src\\lib\\validateMaxForger.ts","statementMap":{"0":{"start":{"line":1,"column":0},"end":{"line":1,"column":49}},"1":{"start":{"line":3,"column":35},"end":{"line":6,"column":1}},"2":{"start":{"line":4,"column":16},"end":{"line":4,"column":36}},"3":{"start":{"line":5,"column":2},"end":{"line":5,"column":23}},"4":{"start":{"line":3,"column":13},"end":{"line":3,"column":35}}},"fnMap":{"0":{"name":"(anonymous_0)","decl":{"start":{"line":3,"column":35},"end":{"line":3,"column":36}},"loc":{"start":{"line":3,"column":78},"end":{"line":6,"column":1}}}},"branchMap":{},"s":{"0":1,"1":1,"2":2,"3":2,"4":1},"f":{"0":2},"b":{}}
,"C:\\Users\\Patry\\OneDrive\\Área de Trabalho\\devvo-backend\\src\\repositories\\ring\\ring-repository.ts": {"path":"C:\\Users\\Patry\\OneDrive\\Área de Trabalho\\devvo-backend\\src\\repositories\\ring\\ring-repository.ts","statementMap":{"0":{"start":{"line":1,"column":0},"end":{"line":1,"column":55}},"1":{"start":{"line":10,"column":54},"end":{"line":10,"column":58}},"2":{"start":{"line":12,"column":20},"end":{"line":27,"column":6}},"3":{"start":{"line":29,"column":4},"end":{"line":29,"column":19}},"4":{"start":{"line":33,"column":18},"end":{"line":37,"column":6}},"5":{"start":{"line":39,"column":4},"end":{"line":39,"column":17}},"6":{"start":{"line":43,"column":17},"end":{"line":50,"column":6}},"7":{"start":{"line":52,"column":4},"end":{"line":52,"column":16}},"8":{"start":{"line":56,"column":30},"end":{"line":58,"column":6}},"9":{"start":{"line":60,"column":4},"end":{"line":60,"column":29}},"10":{"start":{"line":67,"column":54},"end":{"line":67,"column":58}},"11":{"start":{"line":69,"column":24},"end":{"line":85,"column":6}},"12":{"start":{"line":87,"column":4},"end":{"line":87,"column":23}},"13":{"start":{"line":91,"column":4},"end":{"line":95,"column":7}},"14":{"start":{"line":8,"column":0},"end":{"line":8,"column":13}}},"fnMap":{"0":{"name":"(anonymous_7)","decl":{"start":{"line":9,"column":8},"end":{"line":9,"column":14}},"loc":{"start":{"line":9,"column":46},"end":{"line":30,"column":null}}},"1":{"name":"(anonymous_9)","decl":{"start":{"line":32,"column":8},"end":{"line":32,"column":15}},"loc":{"start":{"line":32,"column":15},"end":{"line":40,"column":null}}},"2":{"name":"(anonymous_11)","decl":{"start":{"line":42,"column":8},"end":{"line":42,"column":16}},"loc":{"start":{"line":42,"column":27},"end":{"line":53,"column":null}}},"3":{"name":"(anonymous_13)","decl":{"start":{"line":55,"column":8},"end":{"line":55,"column":31}},"loc":{"start":{"line":55,"column":48},"end":{"line":61,"column":null}}},"4":{"name":"(anonymous_15)","decl":{"start":{"line":63,"column":8},"end":{"line":63,"column":14}},"loc":{"start":{"line":65,"column":35},"end":{"line":88,"column":null}}},"5":{"name":"(anonymous_17)","decl":{"start":{"line":90,"column":8},"end":{"line":90,"column":14}},"loc":{"start":{"line":90,"column":25},"end":{"line":96,"column":null}}}},"branchMap":{"0":{"loc":{"start":{"line":17,"column":15},"end":{"line":17,"column":50}},"type":"binary-expr","locations":[{"start":{"line":17,"column":15},"end":{"line":17,"column":20}},{"start":{"line":17,"column":24},"end":{"line":17,"column":50}}]}},"s":{"0":1,"1":0,"2":0,"3":0,"4":0,"5":0,"6":0,"7":0,"8":0,"9":0,"10":0,"11":0,"12":0,"13":0,"14":1},"f":{"0":0,"1":0,"2":0,"3":0,"4":0,"5":0},"b":{"0":[0,0]}}
,"C:\\Users\\Patry\\OneDrive\\Área de Trabalho\\devvo-backend\\src\\repositories\\user\\user-repository.ts": {"path":"C:\\Users\\Patry\\OneDrive\\Área de Trabalho\\devvo-backend\\src\\repositories\\user\\user-repository.ts","statementMap":{"0":{"start":{"line":1,"column":0},"end":{"line":1,"column":55}},"1":{"start":{"line":6,"column":17},"end":{"line":6,"column":51}},"2":{"start":{"line":7,"column":4},"end":{"line":7,"column":16}},"3":{"start":{"line":11,"column":17},"end":{"line":11,"column":67}},"4":{"start":{"line":12,"column":4},"end":{"line":12,"column":16}},"5":{"start":{"line":16,"column":17},"end":{"line":16,"column":64}},"6":{"start":{"line":17,"column":4},"end":{"line":17,"column":16}},"7":{"start":{"line":4,"column":0},"end":{"line":4,"column":13}}},"fnMap":{"0":{"name":"(anonymous_7)","decl":{"start":{"line":5,"column":8},"end":{"line":5,"column":14}},"loc":{"start":{"line":5,"column":36},"end":{"line":8,"column":null}}},"1":{"name":"(anonymous_9)","decl":{"start":{"line":10,"column":8},"end":{"line":10,"column":19}},"loc":{"start":{"line":10,"column":33},"end":{"line":13,"column":null}}},"2":{"name":"(anonymous_11)","decl":{"start":{"line":15,"column":8},"end":{"line":15,"column":16}},"loc":{"start":{"line":15,"column":27},"end":{"line":18,"column":null}}}},"branchMap":{},"s":{"0":2,"1":0,"2":0,"3":0,"4":0,"5":0,"6":0,"7":2},"f":{"0":0,"1":0,"2":0},"b":{}}
,"C:\\Users\\Patry\\OneDrive\\Área de Trabalho\\devvo-backend\\src\\services\\ring-services.ts": {"path":"C:\\Users\\Patry\\OneDrive\\Área de Trabalho\\devvo-backend\\src\\services\\ring-services.ts","statementMap":{"0":{"start":{"line":2,"column":0},"end":{"line":2,"column":63}},"1":{"start":{"line":3,"column":0},"end":{"line":3,"column":70}},"2":{"start":{"line":8,"column":0},"end":{"line":8,"column":47}},"3":{"start":{"line":27,"column":21},"end":{"line":27,"column":38}},"4":{"start":{"line":28,"column":21},"end":{"line":28,"column":35}},"5":{"start":{"line":35,"column":24},"end":{"line":35,"column":65}},"6":{"start":{"line":37,"column":4},"end":{"line":39,"column":5}},"7":{"start":{"line":38,"column":6},"end":{"line":38,"column":51}},"8":{"start":{"line":41,"column":4},"end":{"line":43,"column":5}},"9":{"start":{"line":42,"column":6},"end":{"line":42,"column":40}},"10":{"start":{"line":45,"column":54},"end":{"line":45,"column":58}},"11":{"start":{"line":47,"column":4},"end":{"line":49,"column":5}},"12":{"start":{"line":48,"column":6},"end":{"line":48,"column":58}},"13":{"start":{"line":51,"column":29},"end":{"line":52,"column":null}},"14":{"start":{"line":55,"column":4},"end":{"line":57,"column":5}},"15":{"start":{"line":56,"column":6},"end":{"line":56,"column":72}},"16":{"start":{"line":59,"column":20},"end":{"line":65,"column":6}},"17":{"start":{"line":67,"column":4},"end":{"line":67,"column":19}},"18":{"start":{"line":71,"column":24},"end":{"line":71,"column":65}},"19":{"start":{"line":73,"column":4},"end":{"line":75,"column":5}},"20":{"start":{"line":74,"column":6},"end":{"line":74,"column":51}},"21":{"start":{"line":77,"column":4},"end":{"line":79,"column":5}},"22":{"start":{"line":78,"column":6},"end":{"line":78,"column":40}},"23":{"start":{"line":81,"column":21},"end":{"line":81,"column":56}},"24":{"start":{"line":82,"column":4},"end":{"line":82,"column":20}},"25":{"start":{"line":86,"column":17},"end":{"line":86,"column":55}},"26":{"start":{"line":87,"column":24},"end":{"line":87,"column":65}},"27":{"start":{"line":89,"column":4},"end":{"line":91,"column":5}},"28":{"start":{"line":90,"column":6},"end":{"line":90,"column":51}},"29":{"start":{"line":93,"column":4},"end":{"line":95,"column":5}},"30":{"start":{"line":94,"column":6},"end":{"line":94,"column":40}},"31":{"start":{"line":97,"column":4},"end":{"line":99,"column":5}},"32":{"start":{"line":98,"column":6},"end":{"line":98,"column":46}},"33":{"start":{"line":101,"column":4},"end":{"line":101,"column":16}},"34":{"start":{"line":109,"column":24},"end":{"line":109,"column":62}},"35":{"start":{"line":111,"column":24},"end":{"line":111,"column":65}},"36":{"start":{"line":113,"column":4},"end":{"line":115,"column":5}},"37":{"start":{"line":114,"column":6},"end":{"line":114,"column":51}},"38":{"start":{"line":117,"column":4},"end":{"line":119,"column":5}},"39":{"start":{"line":118,"column":6},"end":{"line":118,"column":40}},"40":{"start":{"line":121,"column":4},"end":{"line":123,"column":5}},"41":{"start":{"line":122,"column":6},"end":{"line":122,"column":65}},"42":{"start":{"line":125,"column":31},"end":{"line":125,"column":73}},"43":{"start":{"line":127,"column":4},"end":{"line":127,"column":30}},"44":{"start":{"line":131,"column":24},"end":{"line":131,"column":62}},"45":{"start":{"line":132,"column":24},"end":{"line":132,"column":65}},"46":{"start":{"line":133,"column":4},"end":{"line":135,"column":5}},"47":{"start":{"line":134,"column":6},"end":{"line":134,"column":51}},"48":{"start":{"line":137,"column":4},"end":{"line":139,"column":5}},"49":{"start":{"line":138,"column":6},"end":{"line":138,"column":40}},"50":{"start":{"line":141,"column":4},"end":{"line":143,"column":5}},"51":{"start":{"line":142,"column":6},"end":{"line":142,"column":60}},"52":{"start":{"line":145,"column":4},"end":{"line":145,"column":48}},"53":{"start":{"line":149,"column":26},"end":{"line":150,"column":null}},"54":{"start":{"line":153,"column":28},"end":{"line":155,"column":null}},"55":{"start":{"line":158,"column":4},"end":{"line":158,"column":27}},"56":{"start":{"line":25,"column":0},"end":{"line":25,"column":13}}},"fnMap":{"0":{"name":"(anonymous_7)","decl":{"start":{"line":26,"column":2},"end":{"line":26,"column":null}},"loc":{"start":{"line":28,"column":53},"end":{"line":29,"column":6}}},"1":{"name":"(anonymous_8)","decl":{"start":{"line":31,"column":8},"end":{"line":31,"column":18}},"loc":{"start":{"line":33,"column":35},"end":{"line":68,"column":null}}},"2":{"name":"(anonymous_10)","decl":{"start":{"line":70,"column":8},"end":{"line":70,"column":15}},"loc":{"start":{"line":70,"column":29},"end":{"line":83,"column":null}}},"3":{"name":"(anonymous_12)","decl":{"start":{"line":85,"column":8},"end":{"line":85,"column":15}},"loc":{"start":{"line":85,"column":41},"end":{"line":102,"column":null}}},"4":{"name":"(anonymous_14)","decl":{"start":{"line":104,"column":8},"end":{"line":104,"column":18}},"loc":{"start":{"line":107,"column":35},"end":{"line":128,"column":null}}},"5":{"name":"(anonymous_16)","decl":{"start":{"line":130,"column":8},"end":{"line":130,"column":18}},"loc":{"start":{"line":130,"column":44},"end":{"line":146,"column":null}}},"6":{"name":"(anonymous_18)","decl":{"start":{"line":148,"column":8},"end":{"line":148,"column":28}},"loc":{"start":{"line":148,"column":45},"end":{"line":159,"column":null}}}},"branchMap":{"0":{"loc":{"start":{"line":27,"column":21},"end":{"line":27,"column":58}},"type":"default-arg","locations":[{"start":{"line":27,"column":38},"end":{"line":27,"column":58}}]},"1":{"loc":{"start":{"line":28,"column":21},"end":{"line":28,"column":53}},"type":"default-arg","locations":[{"start":{"line":28,"column":35},"end":{"line":28,"column":53}}]},"2":{"loc":{"start":{"line":37,"column":4},"end":{"line":39,"column":5}},"type":"if","locations":[{"start":{"line":37,"column":4},"end":{"line":39,"column":5}}]},"3":{"loc":{"start":{"line":41,"column":4},"end":{"line":43,"column":5}},"type":"if","locations":[{"start":{"line":41,"column":4},"end":{"line":43,"column":5}}]},"4":{"loc":{"start":{"line":47,"column":4},"end":{"line":49,"column":5}},"type":"if","locations":[{"start":{"line":47,"column":4},"end":{"line":49,"column":5}}]},"5":{"loc":{"start":{"line":47,"column":8},"end":{"line":47,"column":58}},"type":"binary-expr","locations":[{"start":{"line":47,"column":8},"end":{"line":47,"column":13}},{"start":{"line":47,"column":17},"end":{"line":47,"column":23}},{"start":{"line":47,"column":27},"end":{"line":47,"column":36}},{"start":{"line":47,"column":40},"end":{"line":47,"column":46}},{"start":{"line":47,"column":50},"end":{"line":47,"column":58}}]},"6":{"loc":{"start":{"line":55,"column":4},"end":{"line":57,"column":5}},"type":"if","locations":[{"start":{"line":55,"column":4},"end":{"line":57,"column":5}}]},"7":{"loc":{"start":{"line":73,"column":4},"end":{"line":75,"column":5}},"type":"if","locations":[{"start":{"line":73,"column":4},"end":{"line":75,"column":5}}]},"8":{"loc":{"start":{"line":77,"column":4},"end":{"line":79,"column":5}},"type":"if","locations":[{"start":{"line":77,"column":4},"end":{"line":79,"column":5}}]},"9":{"loc":{"start":{"line":89,"column":4},"end":{"line":91,"column":5}},"type":"if","locations":[{"start":{"line":89,"column":4},"end":{"line":91,"column":5}}]},"10":{"loc":{"start":{"line":93,"column":4},"end":{"line":95,"column":5}},"type":"if","locations":[{"start":{"line":93,"column":4},"end":{"line":95,"column":5}}]},"11":{"loc":{"start":{"line":97,"column":4},"end":{"line":99,"column":5}},"type":"if","locations":[{"start":{"line":97,"column":4},"end":{"line":99,"column":5}}]},"12":{"loc":{"start":{"line":113,"column":4},"end":{"line":115,"column":5}},"type":"if","locations":[{"start":{"line":113,"column":4},"end":{"line":115,"column":5}}]},"13":{"loc":{"start":{"line":117,"column":4},"end":{"line":119,"column":5}},"type":"if","locations":[{"start":{"line":117,"column":4},"end":{"line":119,"column":5}}]},"14":{"loc":{"start":{"line":121,"column":4},"end":{"line":123,"column":5}},"type":"if","locations":[{"start":{"line":121,"column":4},"end":{"line":123,"column":5}}]},"15":{"loc":{"start":{"line":133,"column":4},"end":{"line":135,"column":5}},"type":"if","locations":[{"start":{"line":133,"column":4},"end":{"line":135,"column":5}}]},"16":{"loc":{"start":{"line":137,"column":4},"end":{"line":139,"column":5}},"type":"if","locations":[{"start":{"line":137,"column":4},"end":{"line":139,"column":5}}]},"17":{"loc":{"start":{"line":141,"column":4},"end":{"line":143,"column":5}},"type":"if","locations":[{"start":{"line":141,"column":4},"end":{"line":143,"column":5}}]}},"s":{"0":1,"1":1,"2":1,"3":11,"4":11,"5":4,"6":4,"7":1,"8":3,"9":1,"10":2,"11":2,"12":0,"13":2,"14":2,"15":1,"16":1,"17":1,"18":2,"19":2,"20":1,"21":1,"22":0,"23":1,"24":1,"25":1,"26":1,"27":1,"28":0,"29":1,"30":0,"31":1,"32":0,"33":1,"34":2,"35":2,"36":2,"37":0,"38":2,"39":0,"40":2,"41":1,"42":1,"43":1,"44":2,"45":2,"46":2,"47":0,"48":2,"49":0,"50":2,"51":1,"52":1,"53":2,"54":2,"55":2,"56":1},"f":{"0":11,"1":4,"2":2,"3":1,"4":2,"5":2,"6":2},"b":{"0":[0],"1":[0],"2":[1],"3":[1],"4":[0],"5":[2,2,2,2,2],"6":[1],"7":[1],"8":[0],"9":[0],"10":[0],"11":[0],"12":[0],"13":[0],"14":[1],"15":[0],"16":[0],"17":[1]}}
,"C:\\Users\\Patry\\OneDrive\\Área de Trabalho\\devvo-backend\\src\\services\\user-services.ts": {"path":"C:\\Users\\Patry\\OneDrive\\Área de Trabalho\\devvo-backend\\src\\services\\user-services.ts","statementMap":{"0":{"start":{"line":1,"column":0},"end":{"line":1,"column":41}},"1":{"start":{"line":3,"column":0},"end":{"line":3,"column":70}},"2":{"start":{"line":7,"column":21},"end":{"line":7,"column":38}},"3":{"start":{"line":8,"column":21},"end":{"line":8,"column":35}},"4":{"start":{"line":12,"column":4},"end":{"line":14,"column":5}},"5":{"start":{"line":13,"column":6},"end":{"line":13,"column":58}},"6":{"start":{"line":16,"column":17},"end":{"line":16,"column":61}},"7":{"start":{"line":17,"column":17},"end":{"line":17,"column":78}},"8":{"start":{"line":19,"column":4},"end":{"line":21,"column":5}},"9":{"start":{"line":20,"column":6},"end":{"line":20,"column":40}},"10":{"start":{"line":23,"column":4},"end":{"line":23,"column":44}},"11":{"start":{"line":25,"column":4},"end":{"line":25,"column":52}},"12":{"start":{"line":29,"column":4},"end":{"line":31,"column":5}},"13":{"start":{"line":30,"column":6},"end":{"line":30,"column":58}},"14":{"start":{"line":33,"column":17},"end":{"line":33,"column":61}},"15":{"start":{"line":35,"column":4},"end":{"line":37,"column":5}},"16":{"start":{"line":36,"column":6},"end":{"line":36,"column":50}},"17":{"start":{"line":39,"column":30},"end":{"line":39,"column":73}},"18":{"start":{"line":41,"column":4},"end":{"line":43,"column":5}},"19":{"start":{"line":42,"column":6},"end":{"line":42,"column":40}},"20":{"start":{"line":45,"column":18},"end":{"line":45,"column":57}},"21":{"start":{"line":46,"column":4},"end":{"line":46,"column":21}},"22":{"start":{"line":50,"column":15},"end":{"line":50,"column":50}},"23":{"start":{"line":52,"column":4},"end":{"line":54,"column":5}},"24":{"start":{"line":53,"column":6},"end":{"line":53,"column":40}},"25":{"start":{"line":56,"column":17},"end":{"line":56,"column":55}},"26":{"start":{"line":58,"column":4},"end":{"line":58,"column":16}},"27":{"start":{"line":5,"column":0},"end":{"line":5,"column":13}}},"fnMap":{"0":{"name":"(anonymous_7)","decl":{"start":{"line":6,"column":2},"end":{"line":6,"column":null}},"loc":{"start":{"line":8,"column":52},"end":{"line":9,"column":6}}},"1":{"name":"(anonymous_8)","decl":{"start":{"line":11,"column":8},"end":{"line":11,"column":14}},"loc":{"start":{"line":11,"column":36},"end":{"line":26,"column":null}}},"2":{"name":"(anonymous_10)","decl":{"start":{"line":28,"column":8},"end":{"line":28,"column":13}},"loc":{"start":{"line":28,"column":45},"end":{"line":47,"column":null}}},"3":{"name":"(anonymous_12)","decl":{"start":{"line":49,"column":8},"end":{"line":49,"column":19}},"loc":{"start":{"line":49,"column":33},"end":{"line":59,"column":null}}}},"branchMap":{"0":{"loc":{"start":{"line":7,"column":21},"end":{"line":7,"column":58}},"type":"default-arg","locations":[{"start":{"line":7,"column":38},"end":{"line":7,"column":58}}]},"1":{"loc":{"start":{"line":8,"column":21},"end":{"line":8,"column":52}},"type":"default-arg","locations":[{"start":{"line":8,"column":35},"end":{"line":8,"column":52}}]},"2":{"loc":{"start":{"line":12,"column":4},"end":{"line":14,"column":5}},"type":"if","locations":[{"start":{"line":12,"column":4},"end":{"line":14,"column":5}}]},"3":{"loc":{"start":{"line":12,"column":8},"end":{"line":12,"column":51}},"type":"binary-expr","locations":[{"start":{"line":12,"column":8},"end":{"line":12,"column":18}},{"start":{"line":12,"column":22},"end":{"line":12,"column":33}},{"start":{"line":12,"column":37},"end":{"line":12,"column":51}}]},"4":{"loc":{"start":{"line":19,"column":4},"end":{"line":21,"column":5}},"type":"if","locations":[{"start":{"line":19,"column":4},"end":{"line":21,"column":5}}]},"5":{"loc":{"start":{"line":29,"column":4},"end":{"line":31,"column":5}},"type":"if","locations":[{"start":{"line":29,"column":4},"end":{"line":31,"column":5}}]},"6":{"loc":{"start":{"line":29,"column":8},"end":{"line":29,"column":27}},"type":"binary-expr","locations":[{"start":{"line":29,"column":8},"end":{"line":29,"column":14}},{"start":{"line":29,"column":18},"end":{"line":29,"column":27}}]},"7":{"loc":{"start":{"line":35,"column":4},"end":{"line":37,"column":5}},"type":"if","locations":[{"start":{"line":35,"column":4},"end":{"line":37,"column":5}}]},"8":{"loc":{"start":{"line":41,"column":4},"end":{"line":43,"column":5}},"type":"if","locations":[{"start":{"line":41,"column":4},"end":{"line":43,"column":5}}]},"9":{"loc":{"start":{"line":52,"column":4},"end":{"line":54,"column":5}},"type":"if","locations":[{"start":{"line":52,"column":4},"end":{"line":54,"column":5}}]}},"s":{"0":2,"1":2,"2":3,"3":3,"4":3,"5":1,"6":2,"7":2,"8":1,"9":0,"10":1,"11":1,"12":0,"13":0,"14":0,"15":0,"16":0,"17":0,"18":0,"19":0,"20":0,"21":0,"22":0,"23":0,"24":0,"25":0,"26":0,"27":2},"f":{"0":3,"1":3,"2":0,"3":0},"b":{"0":[0],"1":[3],"2":[1],"3":[3,2,2],"4":[0],"5":[0],"6":[0,0],"7":[0],"8":[0],"9":[0]}}
}
