TN:
SF:prisma\prisma-client.ts
FNF:0
FNH:0
DA:1,3
DA:3,3
LF:2
LH:2
BRF:0
BRH:0
end_of_record
TN:
SF:src\@types\index.ts
FN:10,(anonymous_0)
FNF:1
FNH:1
FNDA:1,(anonymous_0)
DA:3,1
DA:10,1
DA:11,1
DA:12,1
DA:13,1
DA:14,1
DA:15,1
DA:16,1
DA:17,1
DA:18,1
DA:19,1
DA:20,1
LF:12
LH:12
BRDA:10,0,0,1
BRDA:10,0,1,1
BRF:2
BRH:2
end_of_record
TN:
SF:src\lib\jwt.ts
FN:5,(anonymous_1)
FN:8,(anonymous_2)
FN:16,(anonymous_3)
FN:21,(anonymous_4)
FN:26,(anonymous_5)
FNF:5
FNH:3
FNDA:3,(anonymous_1)
FNDA:1,(anonymous_2)
FNDA:0,(anonymous_3)
FNDA:2,(anonymous_4)
FNDA:0,(anonymous_5)
DA:1,2
DA:2,2
DA:3,2
DA:5,2
DA:6,3
DA:7,3
DA:9,1
DA:13,1
DA:17,0
DA:18,0
DA:22,2
DA:23,2
DA:27,0
DA:28,0
DA:30,0
LF:15
LH:10
BRDA:18,0,0,0
BRDA:18,0,1,0
BRF:2
BRH:0
end_of_record
TN:
SF:src\lib\validateMaxForger.ts
FN:3,(anonymous_0)
FNF:1
FNH:1
FNDA:2,(anonymous_0)
DA:1,1
DA:3,1
DA:4,2
DA:5,2
LF:4
LH:4
BRF:0
BRH:0
end_of_record
TN:
SF:src\repositories\ring\ring-repository.ts
FN:9,(anonymous_7)
FN:32,(anonymous_9)
FN:42,(anonymous_11)
FN:55,(anonymous_13)
FN:63,(anonymous_15)
FN:90,(anonymous_17)
FNF:6
FNH:0
FNDA:0,(anonymous_7)
FNDA:0,(anonymous_9)
FNDA:0,(anonymous_11)
FNDA:0,(anonymous_13)
FNDA:0,(anonymous_15)
FNDA:0,(anonymous_17)
DA:1,1
DA:8,1
DA:10,0
DA:12,0
DA:29,0
DA:33,0
DA:39,0
DA:43,0
DA:52,0
DA:56,0
DA:60,0
DA:67,0
DA:69,0
DA:87,0
DA:91,0
LF:15
LH:2
BRDA:17,0,0,0
BRDA:17,0,1,0
BRF:2
BRH:0
end_of_record
TN:
SF:src\repositories\user\user-repository.ts
FN:5,(anonymous_7)
FN:10,(anonymous_9)
FN:15,(anonymous_11)
FNF:3
FNH:0
FNDA:0,(anonymous_7)
FNDA:0,(anonymous_9)
FNDA:0,(anonymous_11)
DA:1,2
DA:4,2
DA:6,0
DA:7,0
DA:11,0
DA:12,0
DA:16,0
DA:17,0
LF:8
LH:2
BRF:0
BRH:0
end_of_record
TN:
SF:src\services\ring-services.ts
FN:26,(anonymous_7)
FN:31,(anonymous_8)
FN:70,(anonymous_10)
FN:85,(anonymous_12)
FN:104,(anonymous_14)
FN:130,(anonymous_16)
FN:148,(anonymous_18)
FNF:7
FNH:7
FNDA:11,(anonymous_7)
FNDA:4,(anonymous_8)
FNDA:2,(anonymous_10)
FNDA:1,(anonymous_12)
FNDA:2,(anonymous_14)
FNDA:2,(anonymous_16)
FNDA:2,(anonymous_18)
DA:2,1
DA:3,1
DA:8,1
DA:25,1
DA:27,11
DA:28,11
DA:35,4
DA:37,4
DA:38,1
DA:41,3
DA:42,1
DA:45,2
DA:47,2
DA:48,0
DA:51,2
DA:55,2
DA:56,1
DA:59,1
DA:67,1
DA:71,2
DA:73,2
DA:74,1
DA:77,1
DA:78,0
DA:81,1
DA:82,1
DA:86,1
DA:87,1
DA:89,1
DA:90,0
DA:93,1
DA:94,0
DA:97,1
DA:98,0
DA:101,1
DA:109,2
DA:111,2
DA:113,2
DA:114,0
DA:117,2
DA:118,0
DA:121,2
DA:122,1
DA:125,1
DA:127,1
DA:131,2
DA:132,2
DA:133,2
DA:134,0
DA:137,2
DA:138,0
DA:141,2
DA:142,1
DA:145,1
DA:149,2
DA:153,2
DA:158,2
LF:57
LH:48
BRDA:27,0,0,0
BRDA:28,1,0,0
BRDA:37,2,0,1
BRDA:41,3,0,1
BRDA:47,4,0,0
BRDA:47,5,0,2
BRDA:47,5,1,2
BRDA:47,5,2,2
BRDA:47,5,3,2
BRDA:47,5,4,2
BRDA:55,6,0,1
BRDA:73,7,0,1
BRDA:77,8,0,0
BRDA:89,9,0,0
BRDA:93,10,0,0
BRDA:97,11,0,0
BRDA:113,12,0,0
BRDA:117,13,0,0
BRDA:121,14,0,1
BRDA:133,15,0,0
BRDA:137,16,0,0
BRDA:141,17,0,1
BRF:22
BRH:11
end_of_record
TN:
SF:src\services\user-services.ts
FN:6,(anonymous_7)
FN:11,(anonymous_8)
FN:28,(anonymous_10)
FN:49,(anonymous_12)
FNF:4
FNH:2
FNDA:3,(anonymous_7)
FNDA:3,(anonymous_8)
FNDA:0,(anonymous_10)
FNDA:0,(anonymous_12)
DA:1,2
DA:3,2
DA:5,2
DA:7,3
DA:8,3
DA:12,3
DA:13,1
DA:16,2
DA:17,2
DA:19,1
DA:20,0
DA:23,1
DA:25,1
DA:29,0
DA:30,0
DA:33,0
DA:35,0
DA:36,0
DA:39,0
DA:41,0
DA:42,0
DA:45,0
DA:46,0
DA:50,0
DA:52,0
DA:53,0
DA:56,0
DA:58,0
LF:28
LH:12
BRDA:7,0,0,0
BRDA:8,1,0,3
BRDA:12,2,0,1
BRDA:12,3,0,3
BRDA:12,3,1,2
BRDA:12,3,2,2
BRDA:19,4,0,0
BRDA:29,5,0,0
BRDA:29,6,0,0
BRDA:29,6,1,0
BRDA:35,7,0,0
BRDA:41,8,0,0
BRDA:52,9,0,0
BRF:13
BRH:5
end_of_record
